
> client@0.0.0 lint
> eslint .


C:\Users\Suwde\Desktop\randevusistem\client\src\components\Navbar.jsx
  23:16  error  'err' is defined but never used  no-unused-vars
  23:21  error  Empty block statement            no-empty

C:\Users\Suwde\Desktop\randevusistem\client\src\context\AuthContext.jsx
  22:7  error  Error: Calling setState synchronously within an effect can trigger cascading renders

Effects are intended to synchronize state between React and external systems such as manually updating the DOM, state management libraries, or other platform APIs. In general, the body of an effect should do one or both of the following:
* Update external systems with the latest state from React.
* Subscribe for updates from some external system, calling setState in a callback function when external state changes.

Calling setState synchronously within an effect body causes cascading renders that can hurt performance, and is not recommended. (https://react.dev/learn/you-might-not-need-an-effect).

  20 |     const storedUser = localStorage.getItem('userInfo');
  21 |     if (storedUser) {
> 22 |       setUser(JSON.parse(storedUser));
     |       ^^^^^^^ Avoid calling setState() directly within an effect
  23 |     }
  24 |     setLoading(false);
  25 |   }, []);  react-hooks/set-state-in-effect

C:\Users\Suwde\Desktop\randevusistem\client\src\pages\Appointments.jsx
  31:14  error    'err' is defined but never used                                                                                                                                                                                                                                                                                                                                                                                                                                                                                                                                                                                                                                                                                                                                                                                                                                                                                                                 no-unused-vars
  41:7   error    Error: Calling setState synchronously within an effect can trigger cascading renders

Effects are intended to synchronize state between React and external systems such as manually updating the DOM, state management libraries, or other platform APIs. In general, the body of an effect should do one or both of the following:
* Update external systems with the latest state from React.
* Subscribe for updates from some external system, calling setState in a callback function when external state changes.

Calling setState synchronously within an effect body causes cascading renders that can hurt performance, and is not recommended. (https://react.dev/learn/you-might-not-need-an-effect).

  39 |       navigate('/login');
  40 |     } else {
> 41 |       fetchAppointments();
     |       ^^^^^^^^^^^^^^^^^ Avoid calling setState() directly within an effect
  42 |     }
  43 |   }, [user, navigate]);
  44 |  react-hooks/set-state-in-effect
  43:6   warning  React Hook useEffect has a missing dependency: 'fetchAppointments'. Either include it or remove the dependency array                                                                                                                                                                                                                                                                                                                                                                                                                                                                                                                                                                                                                                                                                                                                                                                                                            react-hooks/exhaustive-deps
  57:14  error    'err' is defined but never used                                                                                                                                                                                                                                                                                                                                                                                                                                                                                                                                                                                                                                                                                                                                                                                                                                                                                                                 no-unused-vars
  93:16  error    'err' is defined but never used                                                                                                                                                                                                                                                                                                                                                                                                                                                                                                                                                                                                                                                                                                                                                                                                                                                                                                                 no-unused-vars

C:\Users\Suwde\Desktop\randevusistem\client\src\pages\DoctorDashboard.jsx
   18:10  error  'submitting' is assigned a value but never used. Allowed unused vars must match /^[A-Z_]/u      no-unused-vars
   25:10  error  'uploadingImage' is assigned a value but never used. Allowed unused vars must match /^[A-Z_]/u  no-unused-vars
   37:16  error  'err' is defined but never used                                                                 no-unused-vars
   50:18  error  'err' is defined but never used                                                                 no-unused-vars
  116:14  error  'err' is defined but never used                                                                 no-unused-vars
  134:14  error  'err' is defined but never used                                                                 no-unused-vars
  151:14  error  'err' is defined but never used                                                                 no-unused-vars
  164:14  error  'err' is defined but never used                                                                 no-unused-vars

C:\Users\Suwde\Desktop\randevusistem\client\src\pages\DoctorDetail.jsx
   35:5   error  Error: Calling setState synchronously within an effect can trigger cascading renders

Effects are intended to synchronize state between React and external systems such as manually updating the DOM, state management libraries, or other platform APIs. In general, the body of an effect should do one or both of the following:
* Update external systems with the latest state from React.
* Subscribe for updates from some external system, calling setState in a callback function when external state changes.

Calling setState synchronously within an effect body causes cascading renders that can hurt performance, and is not recommended. (https://react.dev/learn/you-might-not-need-an-effect).

  33 |     const tomorrow = new Date();
  34 |     tomorrow.setDate(tomorrow.getDate() + 1);
> 35 |     setSelectedDate(tomorrow.toISOString().split('T')[0]);
     |     ^^^^^^^^^^^^^^^ Avoid calling setState() directly within an effect
  36 |   }, []);
  37 |
  38 |   useEffect(() => {  react-hooks/set-state-in-effect
   67:16  error  'err' is defined but never used                                                                                                                                                                                                                                                                                                                                                                                                                                                                                                                                                                                                                                                                                                                                                                                                                                                                                                                                                                                     no-unused-vars
  116:33  error  'e' is defined but never used                                                                                                                                                                                                                                                                                                                                                                                                                                                                                                                                                                                                                                                                                                                                                                                                                                                                                                                                                                                       no-unused-vars
  131:14  error  'err' is defined but never used                                                                                                                                                                                                                                                                                                                                                                                                                                                                                                                                                                                                                                                                                                                                                                                                                                                                                                                                                                                     no-unused-vars

C:\Users\Suwde\Desktop\randevusistem\client\src\pages\DoctorsList.jsx
   21:10  error    'userLocation' is assigned a value but never used. Allowed unused vars must match /^[A-Z_]/u                                                                                                                                                                                                                                                                                                                                                                                                                                                                                                                                                                                                                                                                                                                                                                                                                                                                                                                           no-unused-vars
   62:14  error    'error' is defined but never used                                                                                                                                                                                                                                                                                                                                                                                                                                                                                                                                                                                                                                                                                                                                                                                                                                                                                                                                                                                      no-unused-vars
   88:16  error    'error' is defined but never used                                                                                                                                                                                                                                                                                                                                                                                                                                                                                                                                                                                                                                                                                                                                                                                                                                                                                                                                                                                      no-unused-vars
   92:9   error    'error' is defined but never used                                                                                                                                                                                                                                                                                                                                                                                                                                                                                                                                                                                                                                                                                                                                                                                                                                                                                                                                                                                      no-unused-vars
   99:5   error    Error: Calling setState synchronously within an effect can trigger cascading renders

Effects are intended to synchronize state between React and external systems such as manually updating the DOM, state management libraries, or other platform APIs. In general, the body of an effect should do one or both of the following:
* Update external systems with the latest state from React.
* Subscribe for updates from some external system, calling setState in a callback function when external state changes.

Calling setState synchronously within an effect body causes cascading renders that can hurt performance, and is not recommended. (https://react.dev/learn/you-might-not-need-an-effect).

   97 |
   98 |   useEffect(() => {
>  99 |     fetchDoctors();
      |     ^^^^^^^^^^^^ Avoid calling setState() directly within an effect
  100 |     const fetchKeywords = async () => {
  101 |       try {
  102 |         const { data } = await axios.get('/api/doctors/symptom-keywords');  react-hooks/set-state-in-effect
  109:6   warning  React Hook useEffect has a missing dependency: 'fetchDoctors'. Either include it or remove the dependency array                                                                                                                                                                                                                                                                                                                                                                                                                                                                                                                                                                                                                                                                                                                                                                                                                                                                                                        react-hooks/exhaustive-deps
  143:14  error    'err' is defined but never used                                                                                                                                                                                                                                                                                                                                                                                                                                                                                                                                                                                                                                                                                                                                                                                                                                                                                                                                                                                        no-unused-vars

C:\Users\Suwde\Desktop\randevusistem\client\src\pages\Favorites.jsx
  19:14  error    'error' is defined but never used                                                                                                                                                                                                                                                                                                                                                                                                                                                                                                                                                                                                                                                                                                                                                                                                                                                                                                         no-unused-vars
  29:7   error    Error: Calling setState synchronously within an effect can trigger cascading renders

Effects are intended to synchronize state between React and external systems such as manually updating the DOM, state management libraries, or other platform APIs. In general, the body of an effect should do one or both of the following:
* Update external systems with the latest state from React.
* Subscribe for updates from some external system, calling setState in a callback function when external state changes.

Calling setState synchronously within an effect body causes cascading renders that can hurt performance, and is not recommended. (https://react.dev/learn/you-might-not-need-an-effect).

  27 |       navigate('/login');
  28 |     } else {
> 29 |       fetchFavorites();
     |       ^^^^^^^^^^^^^^ Avoid calling setState() directly within an effect
  30 |     }
  31 |   }, [user, navigate]);
  32 |  react-hooks/set-state-in-effect
  31:6   warning  React Hook useEffect has a missing dependency: 'fetchFavorites'. Either include it or remove the dependency array                                                                                                                                                                                                                                                                                                                                                                                                                                                                                                                                                                                                                                                                                                                                                                                                                         react-hooks/exhaustive-deps
  48:14  error    'err' is defined but never used                                                                                                                                                                                                                                                                                                                                                                                                                                                                                                                                                                                                                                                                                                                                                                                                                                                                                                           no-unused-vars

C:\Users\Suwde\Desktop\randevusistem\client\src\pages\Notifications.jsx
  17:14  error    'err' is defined but never used                                                                                                                                                                                                                                                                                                                                                                                                                                                                                                                                                                                                                                                                                                                                                                                                                                                                                                                                     no-unused-vars
  24:15  error    Error: Calling setState synchronously within an effect can trigger cascading renders

Effects are intended to synchronize state between React and external systems such as manually updating the DOM, state management libraries, or other platform APIs. In general, the body of an effect should do one or both of the following:
* Update external systems with the latest state from React.
* Subscribe for updates from some external system, calling setState in a callback function when external state changes.

Calling setState synchronously within an effect body causes cascading renders that can hurt performance, and is not recommended. (https://react.dev/learn/you-might-not-need-an-effect).

  22 |
  23 |   useEffect(() => {
> 24 |     if (user) fetchNotifications();
     |               ^^^^^^^^^^^^^^^^^^ Avoid calling setState() directly within an effect
  25 |   }, [user]);
  26 |
  27 |   const markAsRead = async (id) => {  react-hooks/set-state-in-effect
  25:6   warning  React Hook useEffect has a missing dependency: 'fetchNotifications'. Either include it or remove the dependency array                                                                                                                                                                                                                                                                                                                                                                                                                                                                                                                                                                                                                                                                                                                                                                                                                                               react-hooks/exhaustive-deps
  43:14  error    'err' is defined but never used                                                                                                                                                                                                                                                                                                                                                                                                                                                                                                                                                                                                                                                                                                                                                                                                                                                                                                                                     no-unused-vars

C:\Users\Suwde\Desktop\randevusistem\client\src\pages\Prescriptions.jsx
  29:16  error  'err' is defined but never used                                                                   no-unused-vars
  44:11  error  'originalContents' is assigned a value but never used. Allowed unused vars must match /^[A-Z_]/u  no-unused-vars

C:\Users\Suwde\Desktop\randevusistem\client\src\pages\UserProfile.jsx
   55:16  error  'error' is defined but never used  no-unused-vars
   82:14  error  'err' is defined but never used    no-unused-vars
  138:14  error  'error' is defined but never used  no-unused-vars

C:\Users\Suwde\Desktop\randevusistem\client\src\pages\admin\AdminDashboard.jsx
  44:16  error  'error' is defined but never used  no-unused-vars

C:\Users\Suwde\Desktop\randevusistem\client\src\pages\admin\AdminDoctors.jsx
  18:14  error  'err' is defined but never used                                                                                                                                                                                                                                                                                                                                                                                                                                                                                                                                                                                                                                                                                                                                                                                                                                                                                                 no-unused-vars
  25:5   error  Error: Calling setState synchronously within an effect can trigger cascading renders

Effects are intended to synchronize state between React and external systems such as manually updating the DOM, state management libraries, or other platform APIs. In general, the body of an effect should do one or both of the following:
* Update external systems with the latest state from React.
* Subscribe for updates from some external system, calling setState in a callback function when external state changes.

Calling setState synchronously within an effect body causes cascading renders that can hurt performance, and is not recommended. (https://react.dev/learn/you-might-not-need-an-effect).

  23 |
  24 |   useEffect(() => {
> 25 |     fetchDoctors();
     |     ^^^^^^^^^^^^ Avoid calling setState() directly within an effect
  26 |   }, []);
  27 |
  28 |   const createDoctor = async () => {  react-hooks/set-state-in-effect
  34:14  error  'err' is defined but never used                                                                                                                                                                                                                                                                                                                                                                                                                                                                                                                                                                                                                                                                                                                                                                                                                                                                                                 no-unused-vars
  46:14  error  'err' is defined but never used                                                                                                                                                                                                                                                                                                                                                                                                                                                                                                                                                                                                                                                                                                                                                                                                                                                                                                 no-unused-vars
  64:14  error  'err' is defined but never used                                                                                                                                                                                                                                                                                                                                                                                                                                                                                                                                                                                                                                                                                                                                                                                                                                                                                                 no-unused-vars
  78:14  error  'err' is defined but never used                                                                                                                                                                                                                                                                                                                                                                                                                                                                                                                                                                                                                                                                                                                                                                                                                                                                                                 no-unused-vars

C:\Users\Suwde\Desktop\randevusistem\client\src\pages\admin\AdminSpecialties.jsx
  16:14  error  'err' is defined but never used                                                                                                                                                                                                                                                                                                                                                                                                                                                                                                                                                                                                                                                                                                                                                                                                                                                                                                            no-unused-vars
  23:5   error  Error: Calling setState synchronously within an effect can trigger cascading renders

Effects are intended to synchronize state between React and external systems such as manually updating the DOM, state management libraries, or other platform APIs. In general, the body of an effect should do one or both of the following:
* Update external systems with the latest state from React.
* Subscribe for updates from some external system, calling setState in a callback function when external state changes.

Calling setState synchronously within an effect body causes cascading renders that can hurt performance, and is not recommended. (https://react.dev/learn/you-might-not-need-an-effect).

  21 |
  22 |   useEffect(() => {
> 23 |     fetchSpecialties();
     |     ^^^^^^^^^^^^^^^^ Avoid calling setState() directly within an effect
  24 |   }, []);
  25 |
  26 |   const createSpecialty = async () => {  react-hooks/set-state-in-effect
  46:14  error  'err' is defined but never used                                                                                                                                                                                                                                                                                                                                                                                                                                                                                                                                                                                                                                                                                                                                                                                                                                                                                                            no-unused-vars

C:\Users\Suwde\Desktop\randevusistem\client\src\pages\admin\AdminUsers.jsx
  17:14  error    'err' is defined but never used                                                                                                                                                                                                                                                                                                                                                                                                                                                                                                                                                                                                                                                                                                                                                                                                                                                                                             no-unused-vars
  24:5   error    Error: Calling setState synchronously within an effect can trigger cascading renders

Effects are intended to synchronize state between React and external systems such as manually updating the DOM, state management libraries, or other platform APIs. In general, the body of an effect should do one or both of the following:
* Update external systems with the latest state from React.
* Subscribe for updates from some external system, calling setState in a callback function when external state changes.

Calling setState synchronously within an effect body causes cascading renders that can hurt performance, and is not recommended. (https://react.dev/learn/you-might-not-need-an-effect).

  22 |
  23 |   useEffect(() => {
> 24 |     fetchUsers();
     |     ^^^^^^^^^^ Avoid calling setState() directly within an effect
  25 |   }, []);
  26 |
  27 |   const deleteUser = async (id) => {  react-hooks/set-state-in-effect
  25:6   warning  React Hook useEffect has a missing dependency: 'fetchUsers'. Either include it or remove the dependency array                                                                                                                                                                                                                                                                                                                                                                                                                                                                                                                                                                                                                                                                                                                                                                                                               react-hooks/exhaustive-deps
  46:14  error    'err' is defined but never used                                                                                                                                                                                                                                                                                                                                                                                                                                                                                                                                                                                                                                                                                                                                                                                                                                                                                             no-unused-vars

Γ£û 54 problems (49 errors, 5 warnings)

