
  
  C:\Users\Suwde\Desktop\randevusistem\client\src\components\Navbar.jsx
    23:16  warning  'err' is defined but never used  no-unused-vars
>   23:21  error    Empty block statement            no-empty
  
  C:\Users\Suwde\Desktop\randevusistem\client\src\context\AuthContext.jsx
>   22:7  error  Error: Calling setState synchronously within an effect can trigger cascading renders
  
  Effects are intended to synchronize state between React and external systems such as manually updating the DOM, state management libraries, or other platform APIs. In general, the body of an effect should do one or both of the following:
  * Update external systems with the latest state from React.
  
  C:\Users\Suwde\Desktop\randevusistem\client\src\pages\Appointments.jsx
    31:14  warning  'err' is defined but never used                                                                                                                                                                                                                                                                                                                                                                                                                                                                                                                                                                                                                                                                                                                                                                                                                                                                                                                 no-unused-vars
>   41:7   error    Error: Calling setState synchronously within an effect can trigger cascading renders
  
  Effects are intended to synchronize state between React and external systems such as manually updating the DOM, state management libraries, or other platform APIs. In general, the body of an effect should do one or both of the following:
  * Update external systems with the latest state from React.
    164:14  warning  'err' is defined but never used                                                                 no-unused-vars
  
  C:\Users\Suwde\Desktop\randevusistem\client\src\pages\DoctorDetail.jsx
>    35:5   error    Error: Calling setState synchronously within an effect can trigger cascading renders
  
  Effects are intended to synchronize state between React and external systems such as manually updating the DOM, state management libraries, or other platform APIs. In general, the body of an effect should do one or both of the following:
  * Update external systems with the latest state from React.
  
  C:\Users\Suwde\Desktop\randevusistem\client\src\pages\DoctorsList.jsx
     21:10  warning  'userLocation' is assigned a value but never used. Allowed unused vars must match /^[A-Z_]/u                                                                                                                                                                                                                                                                                                                                                                                                                                                                                                                                                                                                                                                                                                                                                                                                                                                                                                                           no-unused-vars
>    62:14  warning  'error' is defined but never used                                                                                                                                                                                                                                                                                                                                                                                                                                                                                                                                                                                                                                                                                                                                                                                                                                                                                                                                                                                      no-unused-vars
>    88:16  warning  'error' is defined but never used                                                                                                                                                                                                                                                                                                                                                                                                                                                                                                                                                                                                                                                                                                                                                                                                                                                                                                                                                                                      no-unused-vars
>    92:9   warning  'error' is defined but never used                                                                                                                                                                                                                                                                                                                                                                                                                                                                                                                                                                                                                                                                                                                                                                                                                                                                                                                                                                                      no-unused-vars
>    99:5   error    Error: Calling setState synchronously within an effect can trigger cascading renders
  
  Effects are intended to synchronize state between React and external systems such as manually updating the DOM, state management libraries, or other platform APIs. In general, the body of an effect should do one or both of the following:
  * Update external systems with the latest state from React.
    143:14  warning  'err' is defined but never used                                                                                                                                                                                                                                                                                                                                                                                                                                                                                                                                                                                                                                                                                                                                                                                                                                                                                                                                                                                        no-unused-vars
  
  C:\Users\Suwde\Desktop\randevusistem\client\src\pages\Favorites.jsx
>   19:14  warning  'error' is defined but never used                                                                                                                                                                                                                                                                                                                                                                                                                                                                                                                                                                                                                                                                                                                                                                                                                                                                                                         no-unused-vars
>   29:7   error    Error: Calling setState synchronously within an effect can trigger cascading renders
  
  Effects are intended to synchronize state between React and external systems such as manually updating the DOM, state management libraries, or other platform APIs. In general, the body of an effect should do one or both of the following:
  * Update external systems with the latest state from React.
  
  C:\Users\Suwde\Desktop\randevusistem\client\src\pages\Notifications.jsx
    17:14  warning  'err' is defined but never used                                                                                                                                                                                                                                                                                                                                                                                                                                                                                                                                                                                                                                                                                                                                                                                                                                                                                                                                     no-unused-vars
>   24:15  error    Error: Calling setState synchronously within an effect can trigger cascading renders
  
  Effects are intended to synchronize state between React and external systems such as manually updating the DOM, state management libraries, or other platform APIs. In general, the body of an effect should do one or both of the following:
  * Update external systems with the latest state from React.
    44:11  warning  'originalContents' is assigned a value but never used. Allowed unused vars must match /^[A-Z_]/u  no-unused-vars
  
  C:\Users\Suwde\Desktop\randevusistem\client\src\pages\UserProfile.jsx
>    55:16  warning  'error' is defined but never used  no-unused-vars
     82:14  warning  'err' is defined but never used    no-unused-vars
>   138:14  warning  'error' is defined but never used  no-unused-vars
  
  C:\Users\Suwde\Desktop\randevusistem\client\src\pages\admin\AdminDashboard.jsx
>   44:16  warning  'error' is defined but never used  no-unused-vars
  
  C:\Users\Suwde\Desktop\randevusistem\client\src\pages\admin\AdminDoctors.jsx
    18:14  warning  'err' is defined but never used                                                                                                                                                                                                                                                                                                                                                                                                                                                                                                                                                                                                                                                                                                                                                                                                                                                                                                 no-unused-vars
>   25:5   error    Error: Calling setState synchronously within an effect can trigger cascading renders
  
  Effects are intended to synchronize state between React and external systems such as manually updating the DOM, state management libraries, or other platform APIs. In general, the body of an effect should do one or both of the following:
  * Update external systems with the latest state from React.
  
  C:\Users\Suwde\Desktop\randevusistem\client\src\pages\admin\AdminSpecialties.jsx
    16:14  warning  'err' is defined but never used                                                                                                                                                                                                                                                                                                                                                                                                                                                                                                                                                                                                                                                                                                                                                                                                                                                                                                            no-unused-vars
>   23:5   error    Error: Calling setState synchronously within an effect can trigger cascading renders
  
  Effects are intended to synchronize state between React and external systems such as manually updating the DOM, state management libraries, or other platform APIs. In general, the body of an effect should do one or both of the following:
  * Update external systems with the latest state from React.
  
  C:\Users\Suwde\Desktop\randevusistem\client\src\pages\admin\AdminUsers.jsx
    17:14  warning  'err' is defined but never used                                                                                                                                                                                                                                                                                                                                                                                                                                                                                                                                                                                                                                                                                                                                                                                                                                                                                             no-unused-vars
>   24:5   error    Error: Calling setState synchronously within an effect can trigger cascading renders
  
  Effects are intended to synchronize state between React and external systems such as manually updating the DOM, state management libraries, or other platform APIs. In general, the body of an effect should do one or both of the following:
  * Update external systems with the latest state from React.
    25:6   warning  React Hook useEffect has a missing dependency: 'fetchUsers'. Either include it or remove the dependency array                                                                                                                                                                                                                                                                                                                                                                                                                                                                                                                                                                                                                                                                                                                                                                                                               react-hooks/exhaustive-deps
    46:14  warning  'err' is defined but never used                                                                                                                                                                                                                                                                                                                                                                                                                                                                                                                                                                                                                                                                                                                                                                                                                                                                                             no-unused-vars
  
> Γ£û 54 problems (10 errors, 44 warnings)
  

